{
  level: 'info',
  message: 'Starting Nest application...',
  label: 'NestNewGraphQL',
  timestamp: '2020-04-25T21:10:37.363Z'
}
{
  level: 'info',
  message: 'ReactController {/*}:',
  label: 'NestNewGraphQL',
  timestamp: '2020-04-25T21:10:37.424Z'
}
{
  level: 'info',
  message: 'ApplicationModule dependencies initialized',
  label: 'NestNewGraphQL',
  timestamp: '2020-04-25T21:10:37.390Z'
}
{
  level: 'info',
  message: 'LoggerModule dependencies initialized',
  label: 'NestNewGraphQL',
  timestamp: '2020-04-25T21:10:37.390Z'
}
{
  level: 'info',
  message: 'SequelizeModule dependencies initialized',
  label: 'NestNewGraphQL',
  timestamp: '2020-04-25T21:10:37.391Z'
}
{
  level: 'info',
  message: 'PassportModule dependencies initialized',
  label: 'NestNewGraphQL',
  timestamp: '2020-04-25T21:10:37.391Z'
}
{
  level: 'info',
  message: 'BullModule dependencies initialized',
  label: 'NestNewGraphQL',
  timestamp: '2020-04-25T21:10:37.399Z'
}
{
  level: 'info',
  message: 'DiscoveryModule dependencies initialized',
  label: 'NestNewGraphQL',
  timestamp: '2020-04-25T21:10:37.399Z'
}
{
  level: 'info',
  message: 'ConfigurationModule dependencies initialized',
  label: 'NestNewGraphQL',
  timestamp: '2020-04-25T21:10:37.399Z'
}
{
  level: 'info',
  message: 'BullModule dependencies initialized',
  label: 'NestNewGraphQL',
  timestamp: '2020-04-25T21:10:37.401Z'
}
{
  level: 'info',
  message: 'JwtModule dependencies initialized',
  label: 'NestNewGraphQL',
  timestamp: '2020-04-25T21:10:37.419Z'
}
{
  level: 'info',
  message: 'NodemailerModule dependencies initialized',
  label: 'NestNewGraphQL',
  timestamp: '2020-04-25T21:10:37.419Z'
}
{
  level: 'info',
  message: 'SequelizeCoreModule dependencies initialized',
  label: 'NestNewGraphQL',
  timestamp: '2020-04-25T21:10:37.420Z'
}
{
  level: 'info',
  message: 'ReactModule dependencies initialized',
  label: 'NestNewGraphQL',
  timestamp: '2020-04-25T21:10:37.420Z'
}
{
  level: 'info',
  message: 'EmailModule dependencies initialized',
  label: 'NestNewGraphQL',
  timestamp: '2020-04-25T21:10:37.420Z'
}
{
  level: 'info',
  message: 'GraphQLSchemaBuilderModule dependencies initialized',
  label: 'NestNewGraphQL',
  timestamp: '2020-04-25T21:10:37.420Z'
}
{
  level: 'info',
  message: 'SequelizeModule dependencies initialized',
  label: 'NestNewGraphQL',
  timestamp: '2020-04-25T21:10:37.420Z'
}
{
  level: 'info',
  message: 'UserModule dependencies initialized',
  label: 'NestNewGraphQL',
  timestamp: '2020-04-25T21:10:37.420Z'
}
{
  level: 'info',
  message: 'GraphQLModule dependencies initialized',
  label: 'NestNewGraphQL',
  timestamp: '2020-04-25T21:10:37.421Z'
}
{
  level: 'info',
  message: 'AuthenticationModule dependencies initialized',
  label: 'NestNewGraphQL',
  timestamp: '2020-04-25T21:10:37.421Z'
}
{
  level: 'info',
  message: 'Mapped {/*, GET} route',
  label: 'NestNewGraphQL',
  timestamp: '2020-04-25T21:10:37.425Z'
}
{
  level: 'info',
  message: 'Nest application successfully started',
  label: 'NestNewGraphQL',
  timestamp: '2020-04-25T21:10:37.473Z'
}
{
  level: 'info',
  message: 'Application started in port 3000',
  label: 'NestNewGraphQL',
  timestamp: '2020-04-25T21:10:37.474Z'
}
{
  level: 'info',
  message: 'Starting Nest application...',
  label: 'NestNewGraphQL',
  timestamp: '2020-04-25T21:12:34.542Z'
}
{
  level: 'info',
  message: 'ReactController {/*}:',
  label: 'NestNewGraphQL',
  timestamp: '2020-04-25T21:12:34.605Z'
}
{
  level: 'info',
  message: 'ApplicationModule dependencies initialized',
  label: 'NestNewGraphQL',
  timestamp: '2020-04-25T21:12:34.571Z'
}
{
  level: 'info',
  message: 'LoggerModule dependencies initialized',
  label: 'NestNewGraphQL',
  timestamp: '2020-04-25T21:12:34.571Z'
}
{
  level: 'info',
  message: 'SequelizeModule dependencies initialized',
  label: 'NestNewGraphQL',
  timestamp: '2020-04-25T21:12:34.571Z'
}
{
  level: 'info',
  message: 'PassportModule dependencies initialized',
  label: 'NestNewGraphQL',
  timestamp: '2020-04-25T21:12:34.571Z'
}
{
  level: 'info',
  message: 'BullModule dependencies initialized',
  label: 'NestNewGraphQL',
  timestamp: '2020-04-25T21:12:34.579Z'
}
{
  level: 'info',
  message: 'DiscoveryModule dependencies initialized',
  label: 'NestNewGraphQL',
  timestamp: '2020-04-25T21:12:34.579Z'
}
{
  level: 'info',
  message: 'ConfigurationModule dependencies initialized',
  label: 'NestNewGraphQL',
  timestamp: '2020-04-25T21:12:34.579Z'
}
{
  level: 'info',
  message: 'BullModule dependencies initialized',
  label: 'NestNewGraphQL',
  timestamp: '2020-04-25T21:12:34.581Z'
}
{
  level: 'info',
  message: 'JwtModule dependencies initialized',
  label: 'NestNewGraphQL',
  timestamp: '2020-04-25T21:12:34.600Z'
}
{
  level: 'info',
  message: 'NodemailerModule dependencies initialized',
  label: 'NestNewGraphQL',
  timestamp: '2020-04-25T21:12:34.600Z'
}
{
  level: 'info',
  message: 'SequelizeCoreModule dependencies initialized',
  label: 'NestNewGraphQL',
  timestamp: '2020-04-25T21:12:34.600Z'
}
{
  level: 'info',
  message: 'ReactModule dependencies initialized',
  label: 'NestNewGraphQL',
  timestamp: '2020-04-25T21:12:34.600Z'
}
{
  level: 'info',
  message: 'EmailModule dependencies initialized',
  label: 'NestNewGraphQL',
  timestamp: '2020-04-25T21:12:34.600Z'
}
{
  level: 'info',
  message: 'GraphQLSchemaBuilderModule dependencies initialized',
  label: 'NestNewGraphQL',
  timestamp: '2020-04-25T21:12:34.600Z'
}
{
  level: 'info',
  message: 'SequelizeModule dependencies initialized',
  label: 'NestNewGraphQL',
  timestamp: '2020-04-25T21:12:34.600Z'
}
{
  level: 'info',
  message: 'UserModule dependencies initialized',
  label: 'NestNewGraphQL',
  timestamp: '2020-04-25T21:12:34.601Z'
}
{
  level: 'info',
  message: 'GraphQLModule dependencies initialized',
  label: 'NestNewGraphQL',
  timestamp: '2020-04-25T21:12:34.601Z'
}
{
  level: 'info',
  message: 'AuthenticationModule dependencies initialized',
  label: 'NestNewGraphQL',
  timestamp: '2020-04-25T21:12:34.601Z'
}
{
  level: 'info',
  message: 'Mapped {/*, GET} route',
  label: 'NestNewGraphQL',
  timestamp: '2020-04-25T21:12:34.606Z'
}
{
  level: 'info',
  message: 'Nest application successfully started',
  label: 'NestNewGraphQL',
  timestamp: '2020-04-25T21:12:34.655Z'
}
{
  level: 'info',
  message: 'Application started in port 3000',
  label: 'NestNewGraphQL',
  timestamp: '2020-04-25T21:12:34.655Z'
}
{
  level: 'info',
  message: 'Starting Nest application...',
  label: 'NestNewGraphQL',
  timestamp: '2020-04-25T21:15:02.354Z'
}
{
  level: 'info',
  message: 'ReactController {/*}:',
  label: 'NestNewGraphQL',
  timestamp: '2020-04-25T21:15:02.418Z'
}
{
  level: 'info',
  message: 'Mapped {/*, GET} route',
  label: 'NestNewGraphQL',
  timestamp: '2020-04-25T21:15:02.420Z'
}
{
  level: 'info',
  message: 'ApplicationModule dependencies initialized',
  label: 'NestNewGraphQL',
  timestamp: '2020-04-25T21:15:02.384Z'
}
{
  level: 'info',
  message: 'LoggerModule dependencies initialized',
  label: 'NestNewGraphQL',
  timestamp: '2020-04-25T21:15:02.385Z'
}
{
  level: 'info',
  message: 'SequelizeModule dependencies initialized',
  label: 'NestNewGraphQL',
  timestamp: '2020-04-25T21:15:02.385Z'
}
{
  level: 'info',
  message: 'PassportModule dependencies initialized',
  label: 'NestNewGraphQL',
  timestamp: '2020-04-25T21:15:02.385Z'
}
{
  level: 'info',
  message: 'BullModule dependencies initialized',
  label: 'NestNewGraphQL',
  timestamp: '2020-04-25T21:15:02.393Z'
}
{
  level: 'info',
  message: 'DiscoveryModule dependencies initialized',
  label: 'NestNewGraphQL',
  timestamp: '2020-04-25T21:15:02.393Z'
}
{
  level: 'info',
  message: 'ConfigurationModule dependencies initialized',
  label: 'NestNewGraphQL',
  timestamp: '2020-04-25T21:15:02.393Z'
}
{
  level: 'info',
  message: 'BullModule dependencies initialized',
  label: 'NestNewGraphQL',
  timestamp: '2020-04-25T21:15:02.394Z'
}
{
  level: 'info',
  message: 'JwtModule dependencies initialized',
  label: 'NestNewGraphQL',
  timestamp: '2020-04-25T21:15:02.414Z'
}
{
  level: 'info',
  message: 'NodemailerModule dependencies initialized',
  label: 'NestNewGraphQL',
  timestamp: '2020-04-25T21:15:02.414Z'
}
{
  level: 'info',
  message: 'SequelizeCoreModule dependencies initialized',
  label: 'NestNewGraphQL',
  timestamp: '2020-04-25T21:15:02.414Z'
}
{
  level: 'info',
  message: 'ReactModule dependencies initialized',
  label: 'NestNewGraphQL',
  timestamp: '2020-04-25T21:15:02.414Z'
}
{
  level: 'info',
  message: 'EmailModule dependencies initialized',
  label: 'NestNewGraphQL',
  timestamp: '2020-04-25T21:15:02.414Z'
}
{
  level: 'info',
  message: 'GraphQLSchemaBuilderModule dependencies initialized',
  label: 'NestNewGraphQL',
  timestamp: '2020-04-25T21:15:02.414Z'
}
{
  level: 'info',
  message: 'SequelizeModule dependencies initialized',
  label: 'NestNewGraphQL',
  timestamp: '2020-04-25T21:15:02.414Z'
}
{
  level: 'info',
  message: 'UserModule dependencies initialized',
  label: 'NestNewGraphQL',
  timestamp: '2020-04-25T21:15:02.415Z'
}
{
  level: 'info',
  message: 'GraphQLModule dependencies initialized',
  label: 'NestNewGraphQL',
  timestamp: '2020-04-25T21:15:02.415Z'
}
{
  level: 'info',
  message: 'AuthenticationModule dependencies initialized',
  label: 'NestNewGraphQL',
  timestamp: '2020-04-25T21:15:02.415Z'
}
{
  level: 'info',
  message: 'Nest application successfully started',
  label: 'NestNewGraphQL',
  timestamp: '2020-04-25T21:15:02.468Z'
}
{
  level: 'info',
  message: 'Application started in port 3000',
  label: 'NestNewGraphQL',
  timestamp: '2020-04-25T21:15:02.469Z'
}
